D:\FILELOADING\FILELOADING\DEBUG\FILELOADING.EXE
D:\FILELOADING\FILELOADING\DEBUG\FILELOADING.ILK
D:\FILELOADING\FILELOADING\DEBUG\FILELOADING.PDB
D:\FileLoading\FileLoading\FileLoading\Debug\cl.command.1.tlog
D:\FileLoading\FileLoading\FileLoading\Debug\CL.read.1.tlog
D:\FileLoading\FileLoading\FileLoading\Debug\CL.write.1.tlog
D:\FILELOADING\FILELOADING\FILELOADING\DEBUG\FILELOADING.EXE.EMBED.MANIFEST
D:\FILELOADING\FILELOADING\FILELOADING\DEBUG\FILELOADING.EXE.EMBED.MANIFEST.RES
D:\FILELOADING\FILELOADING\FILELOADING\DEBUG\FILELOADING.EXE.INTERMEDIATE.MANIFEST
D:\FILELOADING\FILELOADING\FILELOADING\DEBUG\FILELOADING.OBJ
D:\FILELOADING\FILELOADING\FILELOADING\DEBUG\FILELOADING.PCH
D:\FILELOADING\FILELOADING\FILELOADING\DEBUG\FILELOADING.RES
D:\FileLoading\FileLoading\FileLoading\Debug\FileLoading.vcxprojResolveAssemblyReference.cache
D:\FileLoading\FileLoading\FileLoading\Debug\FileLoading.write.1.tlog
D:\FileLoading\FileLoading\FileLoading\Debug\FileLoading_manifest.rc
D:\FILELOADING\FILELOADING\FILELOADING\DEBUG\FILELOADINGDLG.OBJ
D:\FileLoading\FileLoading\FileLoading\Debug\link.2928.read.1.tlog
D:\FileLoading\FileLoading\FileLoading\Debug\link.2928.write.1.tlog
D:\FileLoading\FileLoading\FileLoading\Debug\link.2928-cvtres.read.1.tlog
D:\FileLoading\FileLoading\FileLoading\Debug\link.2928-cvtres.write.1.tlog
D:\FileLoading\FileLoading\FileLoading\Debug\link.344.read.1.tlog
D:\FileLoading\FileLoading\FileLoading\Debug\link.344.write.1.tlog
D:\FileLoading\FileLoading\FileLoading\Debug\link.344-cvtres.read.1.tlog
D:\FileLoading\FileLoading\FileLoading\Debug\link.344-cvtres.write.1.tlog
D:\FileLoading\FileLoading\FileLoading\Debug\link.4272.read.1.tlog
D:\FileLoading\FileLoading\FileLoading\Debug\link.4272.write.1.tlog
D:\FileLoading\FileLoading\FileLoading\Debug\link.4272-cvtres.read.1.tlog
D:\FileLoading\FileLoading\FileLoading\Debug\link.4272-cvtres.write.1.tlog
D:\FileLoading\FileLoading\FileLoading\Debug\link.4344.read.1.tlog
D:\FileLoading\FileLoading\FileLoading\Debug\link.4344.write.1.tlog
D:\FileLoading\FileLoading\FileLoading\Debug\link.4344-cvtres.read.1.tlog
D:\FileLoading\FileLoading\FileLoading\Debug\link.4344-cvtres.write.1.tlog
D:\FileLoading\FileLoading\FileLoading\Debug\link.4368.read.1.tlog
D:\FileLoading\FileLoading\FileLoading\Debug\link.4368.write.1.tlog
D:\FileLoading\FileLoading\FileLoading\Debug\link.4368-cvtres.read.1.tlog
D:\FileLoading\FileLoading\FileLoading\Debug\link.4368-cvtres.write.1.tlog
D:\FileLoading\FileLoading\FileLoading\Debug\link.4952.read.1.tlog
D:\FileLoading\FileLoading\FileLoading\Debug\link.4952.write.1.tlog
D:\FileLoading\FileLoading\FileLoading\Debug\link.4952-cvtres.read.1.tlog
D:\FileLoading\FileLoading\FileLoading\Debug\link.4952-cvtres.write.1.tlog
D:\FileLoading\FileLoading\FileLoading\Debug\link.5456.read.1.tlog
D:\FileLoading\FileLoading\FileLoading\Debug\link.5456.write.1.tlog
D:\FileLoading\FileLoading\FileLoading\Debug\link.5456-cvtres.read.1.tlog
D:\FileLoading\FileLoading\FileLoading\Debug\link.5456-cvtres.write.1.tlog
D:\FileLoading\FileLoading\FileLoading\Debug\link.6360.read.1.tlog
D:\FileLoading\FileLoading\FileLoading\Debug\link.6360.write.1.tlog
D:\FileLoading\FileLoading\FileLoading\Debug\link.6360-cvtres.read.1.tlog
D:\FileLoading\FileLoading\FileLoading\Debug\link.6360-cvtres.write.1.tlog
D:\FileLoading\FileLoading\FileLoading\Debug\link.8132.read.1.tlog
D:\FileLoading\FileLoading\FileLoading\Debug\link.8132.write.1.tlog
D:\FileLoading\FileLoading\FileLoading\Debug\link.8132-cvtres.read.1.tlog
D:\FileLoading\FileLoading\FileLoading\Debug\link.8132-cvtres.write.1.tlog
D:\FileLoading\FileLoading\FileLoading\Debug\link.command.1.tlog
D:\FileLoading\FileLoading\FileLoading\Debug\link.read.1.tlog
D:\FileLoading\FileLoading\FileLoading\Debug\link.write.1.tlog
D:\FileLoading\FileLoading\FileLoading\Debug\link-cvtres.read.1.tlog
D:\FileLoading\FileLoading\FileLoading\Debug\link-cvtres.write.1.tlog
D:\FILELOADING\FILELOADING\FILELOADING\DEBUG\MARKUP.OBJ
D:\FileLoading\FileLoading\FileLoading\Debug\mt.command.1.tlog
D:\FileLoading\FileLoading\FileLoading\Debug\mt.read.1.tlog
D:\FileLoading\FileLoading\FileLoading\Debug\mt.write.1.tlog
D:\FileLoading\FileLoading\FileLoading\Debug\rc.command.1.tlog
D:\FileLoading\FileLoading\FileLoading\Debug\rc.read.1.tlog
D:\FileLoading\FileLoading\FileLoading\Debug\rc.write.1.tlog
D:\FILELOADING\FILELOADING\FILELOADING\DEBUG\STDAFX.OBJ
D:\FileLoading\FileLoading\FileLoading\Debug\vc100.idb
D:\FILELOADING\FILELOADING\FILELOADING\DEBUG\VC100.PDB
