Build started 3/1/2021 10:05:08 PM.
     1>Project "D:\FileLoading\FileLoading\FileLoading\FileLoading.vcxproj" on node 2 (build target(s)).
     1>InitializeBuildStatus:
         Creating "Debug\FileLoading.unsuccessfulbuild" because "AlwaysCreate" was specified.
       ClCompile:
         All outputs are up-to-date.
         C:\Program Files (x86)\Microsoft Visual Studio 10.0\VC\bin\CL.exe /c /ZI /nologo /W3 /WX- /Od /Oy- /D WIN32 /D _WINDOWS /D _DEBUG /D _MBCS /D _AFXDLL /Gm /EHsc /RTC1 /MDd /GS /fp:precise /Zc:wchar_t /Zc:forScope /Yu"StdAfx.h" /Fp"Debug\FileLoading.pch" /Fo"Debug\\" /Fd"Debug\vc100.pdb" /Gd /TP /analyze- /errorReport:prompt FileLoadingDlg.cpp
         FileLoadingDlg.cpp
       ResourceCompile:
         All outputs are up-to-date.
       ManifestResourceCompile:
         All outputs are up-to-date.
       Link:
         C:\Program Files (x86)\Microsoft Visual Studio 10.0\VC\bin\link.exe /ERRORREPORT:PROMPT /OUT:"D:\FileLoading\FileLoading\Debug\FileLoading.exe" /INCREMENTAL /NOLOGO /MANIFEST /ManifestFile:"Debug\FileLoading.exe.intermediate.manifest" /MANIFESTUAC:"level='asInvoker' uiAccess='false'" /DEBUG /PDB:"D:\FileLoading\FileLoading\Debug\FileLoading.pdb" /SUBSYSTEM:WINDOWS /TLBID:1 /DYNAMICBASE /NXCOMPAT /IMPLIB:"D:\FileLoading\FileLoading\Debug\FileLoading.lib" /MACHINE:X86 Debug\FileLoading.res
         Debug\FileLoading.exe.embed.manifest.res
         Debug\FileLoading.obj
         Debug\FileLoadingDlg.obj
         Debug\Markup.obj
         Debug\stdafx.obj
       Manifest:
         C:\Program Files (x86)\Microsoft SDKs\Windows\v7.0A\bin\mt.exe /nologo /verbose /out:"Debug\FileLoading.exe.embed.manifest" /manifest Debug\FileLoading.exe.intermediate.manifest "C:\Program Files (x86)\Microsoft Visual Studio 10.0\VC\Include\Manifest\dpiaware.manifest"
         All outputs are up-to-date.
       LinkEmbedManifest:
         All outputs are up-to-date.
         FileLoading.vcxproj -> D:\FileLoading\FileLoading\Debug\FileLoading.exe
       FinalizeBuildStatus:
         Deleting file "Debug\FileLoading.unsuccessfulbuild".
         Touching "Debug\FileLoading.lastbuildstate".
     1>Done Building Project "D:\FileLoading\FileLoading\FileLoading\FileLoading.vcxproj" (build target(s)).

Build succeeded.

Time Elapsed 00:00:02.90
